<?xml version="1.0" encoding="UTF-8"?>
<!-- Generated by org.testng.reporters.JUnitReportReporter -->
<testsuite hostname="DESKTOP-7590GNR" failures="0" tests="5" name="TestNGDemo.Day4" time="0.007" errors="0" timestamp="2022-08-17T14:29:25 CDT" skipped="0">
  <testcase classname="TestNGDemo.Day4" name="MobileLoginHomeLoan" time="0.004"/>
  <system-out/>
  <testcase classname="TestNGDemo.Day4" name="APILoginPersonalLoan" time="0.001"/>
  <system-out/>
  <testcase classname="TestNGDemo.Day4" name="MobileLoginHomeLoan2" time="0.000"/>
  <system-out/>
  <testcase classname="TestNGDemo.Day4" name="MobileLoginHomeLoan1" time="0.001"/>
  <system-out/>
  <testcase classname="TestNGDemo.Day4" name="WebLoginHomeLoan" time="0.001"/>
  <system-out/>
</testsuite> <!-- TestNGDemo.Day4 -->
