<?xml version="1.0" encoding="UTF-8"?>
<!-- Generated by org.testng.reporters.JUnitReportReporter -->
<testsuite hostname="DESKTOP-7590GNR" failures="0" tests="2" name="TestNGDemo.day3" time="0.000" errors="0" timestamp="2022-08-17T14:12:26 CDT" skipped="0">
  <testcase classname="TestNGDemo.day3" name="MobileLoginHomeLoan" time="0.000"/>
  <system-out/>
  <testcase classname="TestNGDemo.day3" name="APILoginHomeLoan" time="0.000"/>
  <system-out/>
</testsuite> <!-- TestNGDemo.day3 -->
