<?xml version="1.0" encoding="UTF-8"?>
<!-- Generated by org.testng.reporters.JUnitReportReporter -->
<testsuite hostname="DESKTOP-7590GNR" failures="0" tests="1" name="TestNGDemo.Day1" time="0.004" errors="0" timestamp="2022-08-17T14:12:26 CDT" skipped="0">
  <testcase classname="TestNGDemo.Day1" name="demo2" time="0.004"/>
  <system-out/>
</testsuite> <!-- TestNGDemo.Day1 -->
