<?xml version="1.0" encoding="UTF-8"?>
<!-- Generated by org.testng.reporters.JUnitReportReporter -->
<testsuite hostname="DESKTOP-7590GNR" failures="0" tests="1" name="TestNGDemo.day2" time="0.001" errors="0" timestamp="2022-08-17T14:12:26 CDT" skipped="0">
  <testcase classname="TestNGDemo.day2" name="demo3" time="0.001"/>
  <system-out/>
</testsuite> <!-- TestNGDemo.day2 -->
